Started GET "/" for ::1 at 2023-09-26 06:16:19 +0530
  [1m[35m (0.4ms)[0m  [1m[35mSET NAMES utf8,  @@SESSION.sql_mode = 'NO_ENGINE_SUBSTITUTION',  @@SESSION.sql_auto_is_null = 0, @@SESSION.wait_timeout = 2147483[0m
  [1m[35m (0.3ms)[0m  [1m[34mSELECT `schema_migrations`.`version` FROM `schema_migrations` ORDER BY `schema_migrations`.`version` ASC[0m
Processing by ArticlesController#index as HTML
  Rendering articles/index.html.erb within layouts/application
  [1m[36mArticle Load (0.4ms)[0m  [1m[34mSELECT `articles`.* FROM `articles`[0m
  Rendered articles/index.html.erb within layouts/application (7.3ms)
Completed 200 OK in 180ms (Views: 168.9ms | ActiveRecord: 1.5ms)


Started GET "/articles/11/edit" for ::1 at 2023-09-26 06:16:24 +0530
Processing by ArticlesController#edit as HTML
  Parameters: {"id"=>"11"}
  [1m[35m (0.4ms)[0m  [1m[35mSET NAMES utf8,  @@SESSION.sql_mode = 'NO_ENGINE_SUBSTITUTION',  @@SESSION.sql_auto_is_null = 0, @@SESSION.wait_timeout = 2147483[0m
  [1m[36mArticle Load (0.5ms)[0m  [1m[34mSELECT  `articles`.* FROM `articles` WHERE `articles`.`id` = 11 LIMIT 1[0m
  Rendering articles/edit.html.erb within layouts/application
  Rendered articles/_form.html.erb (12.0ms)
  Rendered articles/edit.html.erb within layouts/application (13.1ms)
Completed 200 OK in 34ms (Views: 27.0ms | ActiveRecord: 0.9ms)


Started PATCH "/articles/11" for ::1 at 2023-09-26 06:16:29 +0530
Processing by ArticlesController#update as HTML
  Parameters: {"utf8"=>"✓", "authenticity_token"=>"qsstTXDlLknlldSnDmuMgpImp3hWuH3OpzrG2gcuKeFKK3cLff6PftpBZjDuxur87mUtVm5jCC8Xm+KfZTR6Ug==", "article"=>{"title"=>"Osthee mame", "text"=>"Simbu"}, "commit"=>"Update Article", "id"=>"11"}
  [1m[36mArticle Load (0.3ms)[0m  [1m[34mSELECT  `articles`.* FROM `articles` WHERE `articles`.`id` = 11 LIMIT 1[0m
  [1m[35m (0.2ms)[0m  [1m[35mBEGIN[0m
  [1m[35mSQL (0.3ms)[0m  [1m[33mUPDATE `articles` SET `title` = 'Osthee mame', `updated_at` = '2023-09-26 00:46:29' WHERE `articles`.`id` = 11[0m
DEPRECATION WARNING: The behavior of `previous_changes` inside of after callbacks is
deprecated without replacement. In the next release of Rails,
this method inside of `after_save` will return the changes that
were just saved.
 (called from log_changes at /Users/vmari/Documents/blog/app/models/article.rb:13)
{"title"=>["Osthee", "Osthee mame"], "updated_at"=>[Tue, 26 Sep 2023 00:42:01 UTC +00:00, Tue, 26 Sep 2023 00:46:29 UTC +00:00]}
{"title"=>["Osthee", "Osthee mame"], "updated_at"=>[Tue, 26 Sep 2023 00:42:01 UTC +00:00, Tue, 26 Sep 2023 00:46:29 UTC +00:00]}
  [1m[35m (1.2ms)[0m  [1m[35mCOMMIT[0m
Redirected to http://localhost:3000/articles/11
Completed 302 Found in 31453ms (ActiveRecord: 1.9ms)


Started GET "/articles/11" for ::1 at 2023-09-26 06:17:00 +0530
Processing by ArticlesController#show as HTML
  Parameters: {"id"=>"11"}
  [1m[36mArticle Load (0.5ms)[0m  [1m[34mSELECT  `articles`.* FROM `articles` WHERE `articles`.`id` = 11 LIMIT 1[0m
  Rendering articles/show.html.erb within layouts/application
  [1m[36mComment Load (0.7ms)[0m  [1m[34mSELECT `comments`.* FROM `comments` WHERE `comments`.`article_id` = 11[0m
  Rendered collection of templates [0 times] (0.0ms)
  Rendered comments/_form.html.erb (11.4ms)
  Rendered articles/show.html.erb within layouts/application (31.8ms)
Completed 200 OK in 66ms (Views: 59.8ms | ActiveRecord: 3.4ms)


Started GET "/" for ::1 at 2023-09-26 09:18:40 +0530
  [1m[35m (0.3ms)[0m  [1m[35mSET NAMES utf8,  @@SESSION.sql_mode = 'NO_ENGINE_SUBSTITUTION',  @@SESSION.sql_auto_is_null = 0, @@SESSION.wait_timeout = 2147483[0m
  [1m[35m (0.3ms)[0m  [1m[34mSELECT `schema_migrations`.`version` FROM `schema_migrations` ORDER BY `schema_migrations`.`version` ASC[0m
Processing by ArticlesController#index as HTML
  Rendering articles/index.html.erb within layouts/application
  [1m[36mArticle Load (0.4ms)[0m  [1m[34mSELECT `articles`.* FROM `articles`[0m
  Rendered articles/index.html.erb within layouts/application (8.1ms)
Completed 200 OK in 191ms (Views: 179.6ms | ActiveRecord: 1.7ms)


Started GET "/articles/9/edit" for ::1 at 2023-09-26 09:18:45 +0530
Processing by ArticlesController#edit as HTML
  Parameters: {"id"=>"9"}
  [1m[35m (0.3ms)[0m  [1m[35mSET NAMES utf8,  @@SESSION.sql_mode = 'NO_ENGINE_SUBSTITUTION',  @@SESSION.sql_auto_is_null = 0, @@SESSION.wait_timeout = 2147483[0m
  [1m[36mArticle Load (0.3ms)[0m  [1m[34mSELECT  `articles`.* FROM `articles` WHERE `articles`.`id` = 9 LIMIT 1[0m
  Rendering articles/edit.html.erb within layouts/application
  Rendered articles/_form.html.erb (20.1ms)
  Rendered articles/edit.html.erb within layouts/application (21.4ms)
Completed 200 OK in 60ms (Views: 52.5ms | ActiveRecord: 0.7ms)


Started PATCH "/articles/9" for ::1 at 2023-09-26 09:18:49 +0530
Processing by ArticlesController#update as HTML
  Parameters: {"utf8"=>"✓", "authenticity_token"=>"oKE4bgGKIz52YgdLfuu818xYX1KCjlAPounBNnIHUISg73hjgPviOiIbOrhDm89wPrwlXhkpKdTuVhe/6UBkCQ==", "article"=>{"title"=>"Jailer mass", "text"=>"Superhit"}, "commit"=>"Update Article", "id"=>"9"}
  [1m[36mArticle Load (0.3ms)[0m  [1m[34mSELECT  `articles`.* FROM `articles` WHERE `articles`.`id` = 9 LIMIT 1[0m
  [1m[35m (0.1ms)[0m  [1m[35mBEGIN[0m
  [1m[35mSQL (0.4ms)[0m  [1m[33mUPDATE `articles` SET `title` = 'Jailer mass', `updated_at` = '2023-09-26 03:48:49' WHERE `articles`.`id` = 9[0m
DEPRECATION WARNING: The behavior of `previous_changes` inside of after callbacks is
deprecated without replacement. In the next release of Rails,
this method inside of `after_save` will return the changes that
were just saved.
 (called from log_changes at (byebug):1)
DEPRECATION WARNING: The behavior of `previous_changes` inside of after callbacks is
deprecated without replacement. In the next release of Rails,
this method inside of `after_save` will return the changes that
were just saved.
 (called from log_changes at /Users/vmari/Documents/blog/app/models/article.rb:13)
  [1m[35m (2.6ms)[0m  [1m[35mCOMMIT[0m
Redirected to http://localhost:3000/articles/9
Completed 302 Found in 25007ms (ActiveRecord: 3.5ms)


Started GET "/articles/9" for ::1 at 2023-09-26 09:19:14 +0530
Processing by ArticlesController#show as HTML
  Parameters: {"id"=>"9"}
  [1m[36mArticle Load (0.5ms)[0m  [1m[34mSELECT  `articles`.* FROM `articles` WHERE `articles`.`id` = 9 LIMIT 1[0m
  Rendering articles/show.html.erb within layouts/application
  [1m[36mComment Load (0.7ms)[0m  [1m[34mSELECT `comments`.* FROM `comments` WHERE `comments`.`article_id` = 9[0m
  Rendered collection of templates [0 times] (0.0ms)
  Rendered comments/_form.html.erb (13.6ms)
  Rendered articles/show.html.erb within layouts/application (36.0ms)
Completed 200 OK in 61ms (Views: 55.4ms | ActiveRecord: 3.2ms)


Started GET "/" for ::1 at 2023-09-26 09:21:54 +0530
  [1m[35m (0.3ms)[0m  [1m[35mSET NAMES utf8,  @@SESSION.sql_mode = 'NO_ENGINE_SUBSTITUTION',  @@SESSION.sql_auto_is_null = 0, @@SESSION.wait_timeout = 2147483[0m
  [1m[35m (0.4ms)[0m  [1m[34mSELECT `schema_migrations`.`version` FROM `schema_migrations` ORDER BY `schema_migrations`.`version` ASC[0m
Processing by ArticlesController#index as HTML
  Rendering articles/index.html.erb within layouts/application
  [1m[36mArticle Load (0.4ms)[0m  [1m[34mSELECT `articles`.* FROM `articles`[0m
  Rendered articles/index.html.erb within layouts/application (9.0ms)
Completed 200 OK in 202ms (Views: 190.9ms | ActiveRecord: 1.8ms)


Started GET "/articles/11/edit" for ::1 at 2023-09-26 09:22:09 +0530
Processing by ArticlesController#edit as HTML
  Parameters: {"id"=>"11"}
  [1m[35m (0.2ms)[0m  [1m[35mSET NAMES utf8,  @@SESSION.sql_mode = 'NO_ENGINE_SUBSTITUTION',  @@SESSION.sql_auto_is_null = 0, @@SESSION.wait_timeout = 2147483[0m
  [1m[36mArticle Load (0.6ms)[0m  [1m[34mSELECT  `articles`.* FROM `articles` WHERE `articles`.`id` = 11 LIMIT 1[0m
  Rendering articles/edit.html.erb within layouts/application
  Rendered articles/_form.html.erb (18.6ms)
  Rendered articles/edit.html.erb within layouts/application (19.6ms)
Completed 200 OK in 42ms (Views: 35.0ms | ActiveRecord: 0.9ms)


Started PATCH "/articles/11" for ::1 at 2023-09-26 09:22:10 +0530
Processing by ArticlesController#update as HTML
  Parameters: {"utf8"=>"✓", "authenticity_token"=>"rKs4fRVW2s8wjAlZs7YY8lPSI1VuFHK3YpQ0dcWvYQlMS2I7GE17+A9Yu85TG36ML5Gpe1bPB1bSNRAwp7Uyug==", "article"=>{"title"=>"Osthee mame", "text"=>"Simbu"}, "commit"=>"Update Article", "id"=>"11"}
  [1m[36mArticle Load (0.3ms)[0m  [1m[34mSELECT  `articles`.* FROM `articles` WHERE `articles`.`id` = 11 LIMIT 1[0m
  [1m[35m (0.2ms)[0m  [1m[35mBEGIN[0m
DEPRECATION WARNING: The behavior of `previous_changes` inside of after callbacks is
deprecated without replacement. In the next release of Rails,
this method inside of `after_save` will return the changes that
were just saved.
 (called from log_changes at /Users/vmari/Documents/blog/app/models/article.rb:13)
  [1m[35m (0.7ms)[0m  [1m[35mCOMMIT[0m
Redirected to http://localhost:3000/articles/11
Completed 302 Found in 4875ms (ActiveRecord: 1.2ms)


Started GET "/articles/11" for ::1 at 2023-09-26 09:22:15 +0530
Processing by ArticlesController#show as HTML
  Parameters: {"id"=>"11"}
  [1m[36mArticle Load (0.4ms)[0m  [1m[34mSELECT  `articles`.* FROM `articles` WHERE `articles`.`id` = 11 LIMIT 1[0m
  Rendering articles/show.html.erb within layouts/application
  [1m[36mComment Load (0.6ms)[0m  [1m[34mSELECT `comments`.* FROM `comments` WHERE `comments`.`article_id` = 11[0m
  Rendered collection of templates [0 times] (0.0ms)
  Rendered comments/_form.html.erb (13.2ms)
  Rendered articles/show.html.erb within layouts/application (35.7ms)
Completed 200 OK in 57ms (Views: 50.7ms | ActiveRecord: 3.6ms)


Started GET "/" for ::1 at 2023-09-26 09:22:25 +0530
  [1m[35m (0.3ms)[0m  [1m[35mSET NAMES utf8,  @@SESSION.sql_mode = 'NO_ENGINE_SUBSTITUTION',  @@SESSION.sql_auto_is_null = 0, @@SESSION.wait_timeout = 2147483[0m
  [1m[35m (0.3ms)[0m  [1m[34mSELECT `schema_migrations`.`version` FROM `schema_migrations` ORDER BY `schema_migrations`.`version` ASC[0m
Processing by ArticlesController#index as HTML
  Rendering articles/index.html.erb within layouts/application
  [1m[36mArticle Load (0.3ms)[0m  [1m[34mSELECT `articles`.* FROM `articles`[0m
  Rendered articles/index.html.erb within layouts/application (7.3ms)
Completed 200 OK in 144ms (Views: 133.9ms | ActiveRecord: 1.4ms)


Started GET "/articles/11/edit" for ::1 at 2023-09-26 09:22:30 +0530
Processing by ArticlesController#edit as HTML
  Parameters: {"id"=>"11"}
  [1m[35m (0.4ms)[0m  [1m[35mSET NAMES utf8,  @@SESSION.sql_mode = 'NO_ENGINE_SUBSTITUTION',  @@SESSION.sql_auto_is_null = 0, @@SESSION.wait_timeout = 2147483[0m
  [1m[36mArticle Load (2.3ms)[0m  [1m[34mSELECT  `articles`.* FROM `articles` WHERE `articles`.`id` = 11 LIMIT 1[0m
  Rendering articles/edit.html.erb within layouts/application
  Rendered articles/_form.html.erb (12.9ms)
  Rendered articles/edit.html.erb within layouts/application (16.0ms)
Completed 200 OK in 40ms (Views: 30.1ms | ActiveRecord: 2.7ms)


Started PATCH "/articles/11" for ::1 at 2023-09-26 09:22:34 +0530
Processing by ArticlesController#update as HTML
  Parameters: {"utf8"=>"✓", "authenticity_token"=>"FDSZ6PGr2b7glvSp60r2mamSRZU6ANz+PX/1gVCQvTH01MOu/LB4id9CRj4L55Dn1dHPuwLbqR+N3tHEMorugg==", "article"=>{"title"=>"Osthee", "text"=>"Simbu"}, "commit"=>"Update Article", "id"=>"11"}
  [1m[36mArticle Load (0.2ms)[0m  [1m[34mSELECT  `articles`.* FROM `articles` WHERE `articles`.`id` = 11 LIMIT 1[0m
  [1m[35m (0.1ms)[0m  [1m[35mBEGIN[0m
  [1m[35mSQL (0.3ms)[0m  [1m[33mUPDATE `articles` SET `title` = 'Osthee', `updated_at` = '2023-09-26 03:52:34' WHERE `articles`.`id` = 11[0m
DEPRECATION WARNING: The behavior of `previous_changes` inside of after callbacks is
deprecated without replacement. In the next release of Rails,
this method inside of `after_save` will return the changes that
were just saved.
 (called from log_changes at (byebug):1)
DEPRECATION WARNING: The behavior of `previous_changes` inside of after callbacks is
deprecated without replacement. In the next release of Rails,
this method inside of `after_save` will return the changes that
were just saved.
 (called from log_changes at (byebug):1)
DEPRECATION WARNING: The behavior of `previous_changes` inside of after callbacks is
deprecated without replacement. In the next release of Rails,
this method inside of `after_save` will return the changes that
were just saved.
 (called from log_changes at /Users/vmari/Documents/blog/app/models/article.rb:13)
  [1m[35m (1.1ms)[0m  [1m[31mROLLBACK[0m
Completed 500 Internal Server Error in 34779ms (ActiveRecord: 1.8ms)


  
ArgumentError (wrong number of arguments (given 0, expected 1)):
  
app/models/article.rb:20:in `logs_changes'
app/controllers/articles_controller.rb:32:in `update'
Started GET "/" for ::1 at 2023-09-26 09:23:36 +0530
  [1m[35m (0.2ms)[0m  [1m[35mSET NAMES utf8,  @@SESSION.sql_mode = 'NO_ENGINE_SUBSTITUTION',  @@SESSION.sql_auto_is_null = 0, @@SESSION.wait_timeout = 2147483[0m
  [1m[35m (0.3ms)[0m  [1m[34mSELECT `schema_migrations`.`version` FROM `schema_migrations` ORDER BY `schema_migrations`.`version` ASC[0m
Processing by ArticlesController#index as HTML
  Rendering articles/index.html.erb within layouts/application
  [1m[36mArticle Load (0.5ms)[0m  [1m[34mSELECT `articles`.* FROM `articles`[0m
  Rendered articles/index.html.erb within layouts/application (21.0ms)
Completed 200 OK in 153ms (Views: 139.9ms | ActiveRecord: 1.7ms)


Started GET "/articles/11/edit" for ::1 at 2023-09-26 09:23:38 +0530
Processing by ArticlesController#edit as HTML
  Parameters: {"id"=>"11"}
  [1m[35m (0.3ms)[0m  [1m[35mSET NAMES utf8,  @@SESSION.sql_mode = 'NO_ENGINE_SUBSTITUTION',  @@SESSION.sql_auto_is_null = 0, @@SESSION.wait_timeout = 2147483[0m
  [1m[36mArticle Load (0.4ms)[0m  [1m[34mSELECT  `articles`.* FROM `articles` WHERE `articles`.`id` = 11 LIMIT 1[0m
  Rendering articles/edit.html.erb within layouts/application
  Rendered articles/_form.html.erb (13.1ms)
  Rendered articles/edit.html.erb within layouts/application (14.1ms)
Completed 200 OK in 36ms (Views: 29.1ms | ActiveRecord: 0.6ms)


Started PATCH "/articles/11" for ::1 at 2023-09-26 09:23:43 +0530
Processing by ArticlesController#update as HTML
  Parameters: {"utf8"=>"✓", "authenticity_token"=>"cdLq2NZzE9gPZaVqHUeKuVfhnhPskZEP7Oxl0hhbZfCRMrCe22iy7zCxF/396uzHK6IUPdRK5O5cTUGXekE2Qw==", "article"=>{"title"=>"Osthee", "text"=>"Simbu"}, "commit"=>"Update Article", "id"=>"11"}
  [1m[36mArticle Load (0.3ms)[0m  [1m[34mSELECT  `articles`.* FROM `articles` WHERE `articles`.`id` = 11 LIMIT 1[0m
  [1m[35m (0.1ms)[0m  [1m[35mBEGIN[0m
  [1m[35mSQL (0.4ms)[0m  [1m[33mUPDATE `articles` SET `title` = 'Osthee', `updated_at` = '2023-09-26 03:53:43' WHERE `articles`.`id` = 11[0m
DEPRECATION WARNING: The behavior of `previous_changes` inside of after callbacks is
deprecated without replacement. In the next release of Rails,
this method inside of `after_save` will return the changes that
were just saved.
 (called from log_changes at /Users/vmari/Documents/blog/app/models/article.rb:13)
  [1m[35m (2.0ms)[0m  [1m[35mCOMMIT[0m
Redirected to http://localhost:3000/articles/11
Completed 302 Found in 13941ms (ActiveRecord: 2.8ms)


Started GET "/articles/11" for ::1 at 2023-09-26 09:23:57 +0530
Processing by ArticlesController#show as HTML
  Parameters: {"id"=>"11"}
  [1m[36mArticle Load (0.6ms)[0m  [1m[34mSELECT  `articles`.* FROM `articles` WHERE `articles`.`id` = 11 LIMIT 1[0m
  Rendering articles/show.html.erb within layouts/application
  [1m[36mComment Load (0.4ms)[0m  [1m[34mSELECT `comments`.* FROM `comments` WHERE `comments`.`article_id` = 11[0m
  Rendered collection of templates [0 times] (0.0ms)
  Rendered comments/_form.html.erb (12.9ms)
  Rendered articles/show.html.erb within layouts/application (32.0ms)
Completed 200 OK in 74ms (Views: 69.0ms | ActiveRecord: 3.0ms)


Started GET "/articles/11" for ::1 at 2023-09-26 09:24:17 +0530
  [1m[35m (0.3ms)[0m  [1m[35mSET NAMES utf8,  @@SESSION.sql_mode = 'NO_ENGINE_SUBSTITUTION',  @@SESSION.sql_auto_is_null = 0, @@SESSION.wait_timeout = 2147483[0m
  [1m[35m (0.3ms)[0m  [1m[34mSELECT `schema_migrations`.`version` FROM `schema_migrations` ORDER BY `schema_migrations`.`version` ASC[0m
Processing by ArticlesController#show as HTML
  Parameters: {"id"=>"11"}
  [1m[36mArticle Load (0.8ms)[0m  [1m[34mSELECT  `articles`.* FROM `articles` WHERE `articles`.`id` = 11 LIMIT 1[0m
  Rendering articles/show.html.erb within layouts/application
  [1m[36mComment Load (0.3ms)[0m  [1m[34mSELECT `comments`.* FROM `comments` WHERE `comments`.`article_id` = 11[0m
  Rendered collection of templates [0 times] (0.0ms)
  Rendered comments/_form.html.erb (16.2ms)
  Rendered articles/show.html.erb within layouts/application (49.9ms)
Completed 200 OK in 219ms (Views: 191.9ms | ActiveRecord: 3.2ms)


Started GET "/" for ::1 at 2023-09-26 09:24:23 +0530
Processing by ArticlesController#index as HTML
  Rendering articles/index.html.erb within layouts/application
  [1m[35m (0.2ms)[0m  [1m[35mSET NAMES utf8,  @@SESSION.sql_mode = 'NO_ENGINE_SUBSTITUTION',  @@SESSION.sql_auto_is_null = 0, @@SESSION.wait_timeout = 2147483[0m
  [1m[36mArticle Load (0.3ms)[0m  [1m[34mSELECT `articles`.* FROM `articles`[0m
  Rendered articles/index.html.erb within layouts/application (4.9ms)
Completed 200 OK in 21ms (Views: 19.1ms | ActiveRecord: 0.5ms)


Started GET "/articles/9/edit" for ::1 at 2023-09-26 09:24:27 +0530
Processing by ArticlesController#edit as HTML
  Parameters: {"id"=>"9"}
  [1m[36mArticle Load (0.4ms)[0m  [1m[34mSELECT  `articles`.* FROM `articles` WHERE `articles`.`id` = 9 LIMIT 1[0m
  Rendering articles/edit.html.erb within layouts/application
  Rendered articles/_form.html.erb (1.7ms)
  Rendered articles/edit.html.erb within layouts/application (2.6ms)
Completed 200 OK in 22ms (Views: 20.1ms | ActiveRecord: 0.4ms)


Started PATCH "/articles/9" for ::1 at 2023-09-26 09:24:31 +0530
Processing by ArticlesController#update as HTML
  Parameters: {"utf8"=>"✓", "authenticity_token"=>"erHrwDb4i4kH9fcJkLff/7RG25cIibXPUNjkAqDHsOZ6/6vNt4lKjVOMyvqtx6xYRqKhm5MuzBQcZzKLO4CEaw==", "article"=>{"title"=>"Jailer", "text"=>"Superhit"}, "commit"=>"Update Article", "id"=>"9"}
  [1m[36mArticle Load (0.3ms)[0m  [1m[34mSELECT  `articles`.* FROM `articles` WHERE `articles`.`id` = 9 LIMIT 1[0m
  [1m[35m (0.1ms)[0m  [1m[35mBEGIN[0m
  [1m[35mSQL (0.3ms)[0m  [1m[33mUPDATE `articles` SET `title` = 'Jailer', `updated_at` = '2023-09-26 03:54:31' WHERE `articles`.`id` = 9[0m
DEPRECATION WARNING: The behavior of `previous_changes` inside of after callbacks is
deprecated without replacement. In the next release of Rails,
this method inside of `after_save` will return the changes that
were just saved.
 (called from log_changes at /Users/vmari/Documents/blog/app/models/article.rb:13)
  [1m[35m (2.7ms)[0m  [1m[35mCOMMIT[0m
Redirected to http://localhost:3000/articles/9
Completed 302 Found in 39059ms (ActiveRecord: 3.4ms)


Started GET "/articles/9" for ::1 at 2023-09-26 09:25:10 +0530
Processing by ArticlesController#show as HTML
  Parameters: {"id"=>"9"}
  [1m[36mArticle Load (0.4ms)[0m  [1m[34mSELECT  `articles`.* FROM `articles` WHERE `articles`.`id` = 9 LIMIT 1[0m
  Rendering articles/show.html.erb within layouts/application
  [1m[36mComment Load (0.4ms)[0m  [1m[34mSELECT `comments`.* FROM `comments` WHERE `comments`.`article_id` = 9[0m
  Rendered collection of templates [0 times] (0.0ms)
  Rendered comments/_form.html.erb (1.7ms)
  Rendered articles/show.html.erb within layouts/application (4.2ms)
Completed 200 OK in 24ms (Views: 21.0ms | ActiveRecord: 0.8ms)


Started GET "/" for ::1 at 2023-09-26 09:26:00 +0530
  [1m[35m (0.4ms)[0m  [1m[35mSET NAMES utf8,  @@SESSION.sql_mode = 'NO_ENGINE_SUBSTITUTION',  @@SESSION.sql_auto_is_null = 0, @@SESSION.wait_timeout = 2147483[0m
  [1m[35m (0.3ms)[0m  [1m[34mSELECT `schema_migrations`.`version` FROM `schema_migrations` ORDER BY `schema_migrations`.`version` ASC[0m
Processing by ArticlesController#index as HTML
  Rendering articles/index.html.erb within layouts/application
  [1m[36mArticle Load (0.4ms)[0m  [1m[34mSELECT `articles`.* FROM `articles`[0m
  Rendered articles/index.html.erb within layouts/application (8.8ms)
Completed 200 OK in 176ms (Views: 164.8ms | ActiveRecord: 1.7ms)


Started GET "/articles/8/edit" for ::1 at 2023-09-26 09:26:34 +0530
Processing by ArticlesController#edit as HTML
  Parameters: {"id"=>"8"}
  [1m[35m (1.0ms)[0m  [1m[35mSET NAMES utf8,  @@SESSION.sql_mode = 'NO_ENGINE_SUBSTITUTION',  @@SESSION.sql_auto_is_null = 0, @@SESSION.wait_timeout = 2147483[0m
  [1m[36mArticle Load (0.5ms)[0m  [1m[34mSELECT  `articles`.* FROM `articles` WHERE `articles`.`id` = 8 LIMIT 1[0m
  Rendering articles/edit.html.erb within layouts/application
  Rendered articles/_form.html.erb (13.8ms)
  Rendered articles/edit.html.erb within layouts/application (14.9ms)
Completed 200 OK in 46ms (Views: 37.7ms | ActiveRecord: 1.4ms)


Started PATCH "/articles/8" for ::1 at 2023-09-26 09:26:39 +0530
Processing by ArticlesController#update as HTML
  Parameters: {"utf8"=>"✓", "authenticity_token"=>"tRAZCUEQGnkZHIFaw/gpNi/RdVGAGdr5FXLl/yRJjcG6OeeGtmWZvaWlaRnwUpFQaZ6pMhWUWacv2Z551PVPYw==", "article"=>{"title"=>"After Everything", "text"=>"Maybe"}, "commit"=>"Update Article", "id"=>"8"}
  [1m[36mArticle Load (0.3ms)[0m  [1m[34mSELECT  `articles`.* FROM `articles` WHERE `articles`.`id` = 8 LIMIT 1[0m
  [1m[35m (0.2ms)[0m  [1m[35mBEGIN[0m
  [1m[35mSQL (1.1ms)[0m  [1m[33mUPDATE `articles` SET `title` = 'After Everything', `updated_at` = '2023-09-26 03:56:39' WHERE `articles`.`id` = 8[0m
DEPRECATION WARNING: The behavior of `previous_changes` inside of after callbacks is
deprecated without replacement. In the next release of Rails,
this method inside of `after_save` will return the changes that
were just saved.
 (called from log_changes at /Users/vmari/Documents/blog/app/models/article.rb:13)
  [1m[35m (2.1ms)[0m  [1m[35mCOMMIT[0m
Redirected to http://localhost:3000/articles/8
Completed 302 Found in 24685ms (ActiveRecord: 3.6ms)


Started GET "/articles/8" for ::1 at 2023-09-26 09:27:04 +0530
Processing by ArticlesController#show as HTML
  Parameters: {"id"=>"8"}
  [1m[36mArticle Load (0.4ms)[0m  [1m[34mSELECT  `articles`.* FROM `articles` WHERE `articles`.`id` = 8 LIMIT 1[0m
  Rendering articles/show.html.erb within layouts/application
  [1m[36mComment Load (0.3ms)[0m  [1m[34mSELECT `comments`.* FROM `comments` WHERE `comments`.`article_id` = 8[0m
  Rendered collection of templates [0 times] (0.0ms)
  Rendered comments/_form.html.erb (11.2ms)
  Rendered articles/show.html.erb within layouts/application (28.6ms)
Completed 200 OK in 47ms (Views: 43.0ms | ActiveRecord: 1.9ms)


Started GET "/" for ::1 at 2023-09-26 09:28:19 +0530
  [1m[35m (0.3ms)[0m  [1m[35mSET NAMES utf8,  @@SESSION.sql_mode = 'NO_ENGINE_SUBSTITUTION',  @@SESSION.sql_auto_is_null = 0, @@SESSION.wait_timeout = 2147483[0m
  [1m[35m (0.3ms)[0m  [1m[34mSELECT `schema_migrations`.`version` FROM `schema_migrations` ORDER BY `schema_migrations`.`version` ASC[0m
Processing by ArticlesController#index as HTML
  Rendering articles/index.html.erb within layouts/application
  [1m[36mArticle Load (0.3ms)[0m  [1m[34mSELECT `articles`.* FROM `articles`[0m
  Rendered articles/index.html.erb within layouts/application (8.3ms)
Completed 200 OK in 144ms (Views: 134.8ms | ActiveRecord: 1.3ms)


Started GET "/articles/7/edit" for ::1 at 2023-09-26 09:28:22 +0530
Processing by ArticlesController#edit as HTML
  Parameters: {"id"=>"7"}
  [1m[35m (0.3ms)[0m  [1m[35mSET NAMES utf8,  @@SESSION.sql_mode = 'NO_ENGINE_SUBSTITUTION',  @@SESSION.sql_auto_is_null = 0, @@SESSION.wait_timeout = 2147483[0m
  [1m[36mArticle Load (0.3ms)[0m  [1m[34mSELECT  `articles`.* FROM `articles` WHERE `articles`.`id` = 7 LIMIT 1[0m
  Rendering articles/edit.html.erb within layouts/application
  Rendered articles/_form.html.erb (11.8ms)
  Rendered articles/edit.html.erb within layouts/application (12.9ms)
Completed 200 OK in 56ms (Views: 49.6ms | ActiveRecord: 0.6ms)


Started PATCH "/articles/7" for ::1 at 2023-09-26 09:28:28 +0530
Processing by ArticlesController#update as HTML
  Parameters: {"utf8"=>"✓", "authenticity_token"=>"mMJg6Vlk/krvwUf9inTYWhtmPplU8kw0yVkHLTJMpZtCgL5Z61mSQS4q6TFxqASujIVFbEmh0aC7yb/ugal+vQ==", "article"=>{"title"=>"Master blaster", "text"=>"Good movies "}, "commit"=>"Update Article", "id"=>"7"}
  [1m[36mArticle Load (0.3ms)[0m  [1m[34mSELECT  `articles`.* FROM `articles` WHERE `articles`.`id` = 7 LIMIT 1[0m
  [1m[35m (0.1ms)[0m  [1m[35mBEGIN[0m
  [1m[35mSQL (0.3ms)[0m  [1m[33mUPDATE `articles` SET `title` = 'Master blaster', `updated_at` = '2023-09-26 03:58:28' WHERE `articles`.`id` = 7[0m
DEPRECATION WARNING: The behavior of `previous_changes` inside of after callbacks is
deprecated without replacement. In the next release of Rails,
this method inside of `after_save` will return the changes that
were just saved.
 (called from log_changes at /Users/vmari/Documents/blog/app/models/article.rb:13)
  [1m[35m (1.5ms)[0m  [1m[35mCOMMIT[0m
Redirected to http://localhost:3000/articles/7
Completed 302 Found in 15917ms (ActiveRecord: 2.3ms)


Started GET "/articles/7" for ::1 at 2023-09-26 09:28:44 +0530
Processing by ArticlesController#show as HTML
  Parameters: {"id"=>"7"}
  [1m[36mArticle Load (0.4ms)[0m  [1m[34mSELECT  `articles`.* FROM `articles` WHERE `articles`.`id` = 7 LIMIT 1[0m
  Rendering articles/show.html.erb within layouts/application
  [1m[36mComment Load (0.4ms)[0m  [1m[34mSELECT `comments`.* FROM `comments` WHERE `comments`.`article_id` = 7[0m
  Rendered collection of comments/_comment.html.erb [1 times] (2.1ms)
  Rendered comments/_form.html.erb (1.9ms)
  Rendered articles/show.html.erb within layouts/application (34.2ms)
Completed 200 OK in 53ms (Views: 49.3ms | ActiveRecord: 2.1ms)


Started GET "/" for ::1 at 2023-09-26 09:48:22 +0530
  [1m[35m (0.3ms)[0m  [1m[35mSET NAMES utf8,  @@SESSION.sql_mode = 'NO_ENGINE_SUBSTITUTION',  @@SESSION.sql_auto_is_null = 0, @@SESSION.wait_timeout = 2147483[0m
  [1m[35m (0.2ms)[0m  [1m[34mSELECT `schema_migrations`.`version` FROM `schema_migrations` ORDER BY `schema_migrations`.`version` ASC[0m
Processing by ArticlesController#index as HTML
  Rendering articles/index.html.erb within layouts/application
  [1m[36mArticle Load (0.4ms)[0m  [1m[34mSELECT `articles`.* FROM `articles`[0m
  Rendered articles/index.html.erb within layouts/application (9.0ms)
Completed 200 OK in 158ms (Views: 147.1ms | ActiveRecord: 1.8ms)


Started GET "/articles/7/edit" for ::1 at 2023-09-26 09:48:25 +0530
Processing by ArticlesController#edit as HTML
  Parameters: {"id"=>"7"}
  [1m[35m (0.3ms)[0m  [1m[35mSET NAMES utf8,  @@SESSION.sql_mode = 'NO_ENGINE_SUBSTITUTION',  @@SESSION.sql_auto_is_null = 0, @@SESSION.wait_timeout = 2147483[0m
  [1m[36mArticle Load (0.3ms)[0m  [1m[34mSELECT  `articles`.* FROM `articles` WHERE `articles`.`id` = 7 LIMIT 1[0m
  Rendering articles/edit.html.erb within layouts/application
  Rendered articles/_form.html.erb (10.0ms)
  Rendered articles/edit.html.erb within layouts/application (11.1ms)
Completed 200 OK in 57ms (Views: 48.2ms | ActiveRecord: 0.6ms)


Started PATCH "/articles/7" for ::1 at 2023-09-26 09:48:31 +0530
Processing by ArticlesController#update as HTML
  Parameters: {"utf8"=>"✓", "authenticity_token"=>"9Y4wOo8n2Imd2vEiqU2UJxypDuahd9vgac8WUzw7jIAvzO6KPRq0glwxX+5SkUjTi0p1E7wkRnQbX66Qj95Xpg==", "article"=>{"title"=>"Master", "text"=>"Good movies "}, "commit"=>"Update Article", "id"=>"7"}
  [1m[36mArticle Load (0.3ms)[0m  [1m[34mSELECT  `articles`.* FROM `articles` WHERE `articles`.`id` = 7 LIMIT 1[0m
  [1m[35m (0.2ms)[0m  [1m[35mBEGIN[0m
  [1m[35mSQL (0.3ms)[0m  [1m[33mUPDATE `articles` SET `title` = 'Master', `updated_at` = '2023-09-26 04:18:31' WHERE `articles`.`id` = 7[0m
DEPRECATION WARNING: The behavior of `previous_changes` inside of after callbacks is
deprecated without replacement. In the next release of Rails,
this method inside of `after_save` will return the changes that
were just saved.
 (called from log_changes at /Users/vmari/Documents/blog/app/models/article.rb:13)
  [1m[35m (2.1ms)[0m  [1m[35mCOMMIT[0m
Redirected to http://localhost:3000/articles/7
Completed 302 Found in 11898ms (ActiveRecord: 2.8ms)


Started GET "/articles/7" for ::1 at 2023-09-26 09:48:42 +0530
Processing by ArticlesController#show as HTML
  Parameters: {"id"=>"7"}
  [1m[36mArticle Load (0.5ms)[0m  [1m[34mSELECT  `articles`.* FROM `articles` WHERE `articles`.`id` = 7 LIMIT 1[0m
  Rendering articles/show.html.erb within layouts/application
  [1m[36mComment Load (0.3ms)[0m  [1m[34mSELECT `comments`.* FROM `comments` WHERE `comments`.`article_id` = 7[0m
  Rendered collection of comments/_comment.html.erb [1 times] (4.3ms)
  Rendered comments/_form.html.erb (2.0ms)
  Rendered articles/show.html.erb within layouts/application (35.7ms)
Completed 200 OK in 57ms (Views: 52.8ms | ActiveRecord: 2.3ms)


